# JRE version: OpenJDK Runtime Environment (21.0.3) (build 21.0.3+-12282718-b509.11)
# Java VM: OpenJDK 64-Bit Server VM (21.0.3+-12282718-b509.11, mixed mode, tiered, compressed oops, compressed class ptrs, g1 gc, windows-amd64)
GC Precious Log:
 CardTable entry size: 512
 Card Set container configuration: InlinePtr #cards 5 size 8 Array Of Cards #cards 12 size 40 Howl #buckets 4 coarsen threshold 1843 Howl Bitmap #cards 512 size 80 coarsen threshold 460 Card regions per heap region 1 cards per card region 2048
 CPUs: 8 total, 8 available
 Memory: 7975M
 Large Page Support: Disabled
 NUMA Support: Disabled
 Compressed Oops: Enabled (32-bit)
 Heap Region Size: 1M
 Heap Min Capacity: 8M
 Heap Initial Capacity: 126M
 Heap Max Capacity: 2G
 Pre-touch: Disabled
 Parallel Workers: 8
 Concurrent Workers: 2
 Concurrent Refinement Workers: 8
 Periodic GC: Disabled
Heap:
 garbage-first heap   total 312320K, used 234852K [0x0000000080000000, 0x0000000100000000)
  region size 1024K, 56 young (57344K), 7 survivors (7168K)
 Metaspace       used 132082K, committed 133376K, reserved 1179648K
  class space    used 17265K, committed 17984K, reserved 1048576K
GC Heap History (20 events):
Event: 3772.906 GC heap before
{Heap before GC invocations=49 (full 0):
 garbage-first heap   total 201728K, used 179315K [0x0000000080000000, 0x0000000100000000)
  region size 1024K, 67 young (68608K), 9 survivors (9216K)
 Metaspace       used 122088K, committed 124288K, reserved 1179648K
  class space    used 16226K, committed 17344K, reserved 1048576K
}
Event: 3772.947 GC heap after
{Heap after GC invocations=50 (full 0):
 garbage-first heap   total 201728K, used 126405K [0x0000000080000000, 0x0000000100000000)
  region size 1024K, 6 young (6144K), 6 survivors (6144K)
 Metaspace       used 122088K, committed 124288K, reserved 1179648K
  class space    used 16226K, committed 17344K, reserved 1048576K
}
Event: 3774.437 GC heap before
{Heap before GC invocations=51 (full 0):
 garbage-first heap   total 222208K, used 182725K [0x0000000080000000, 0x0000000100000000)
  region size 1024K, 61 young (62464K), 6 survivors (6144K)
 Metaspace       used 124129K, committed 126272K, reserved 1179648K
  class space    used 16246K, committed 17536K, reserved 1048576K
}
Event: 3774.445 GC heap after
{Heap after GC invocations=52 (full 0):
 garbage-first heap   total 222208K, used 130345K [0x0000000080000000, 0x0000000100000000)
  region size 1024K, 5 young (5120K), 5 survivors (5120K)
 Metaspace       used 124129K, committed 126272K, reserved 1179648K
  class space    used 16246K, committed 17536K, reserved 1048576K
}
Event: 3775.943 GC heap before
{Heap before GC invocations=52 (full 0):
 garbage-first heap   total 222208K, used 202025K [0x0000000080000000, 0x0000000100000000)
  region size 1024K, 76 young (77824K), 5 survivors (5120K)
 Metaspace       used 126183K, committed 127808K, reserved 1179648K
  class space    used 16540K, committed 17600K, reserved 1048576K
}
Event: 3775.957 GC heap after
{Heap after GC invocations=53 (full 0):
 garbage-first heap   total 222208K, used 134689K [0x0000000080000000, 0x0000000100000000)
  region size 1024K, 10 young (10240K), 10 survivors (10240K)
 Metaspace       used 126183K, committed 127808K, reserved 1179648K
  class space    used 16540K, committed 17600K, reserved 1048576K
}
Event: 3776.147 GC heap before
{Heap before GC invocations=53 (full 0):
 garbage-first heap   total 222208K, used 162337K [0x0000000080000000, 0x0000000100000000)
  region size 1024K, 37 young (37888K), 10 survivors (10240K)
 Metaspace       used 126188K, committed 127808K, reserved 1179648K
  class space    used 16541K, committed 17600K, reserved 1048576K
}
Event: 3776.164 GC heap after
{Heap after GC invocations=54 (full 0):
 garbage-first heap   total 222208K, used 135593K [0x0000000080000000, 0x0000000100000000)
  region size 1024K, 4 young (4096K), 4 survivors (4096K)
 Metaspace       used 126188K, committed 127808K, reserved 1179648K
  class space    used 16541K, committed 17600K, reserved 1048576K
}
Event: 3776.600 GC heap before
{Heap before GC invocations=54 (full 0):
 garbage-first heap   total 222208K, used 201129K [0x0000000080000000, 0x0000000100000000)
  region size 1024K, 69 young (70656K), 4 survivors (4096K)
 Metaspace       used 126192K, committed 127808K, reserved 1179648K
  class space    used 16541K, committed 17600K, reserved 1048576K
}
Event: 3776.612 GC heap after
{Heap after GC invocations=55 (full 0):
 garbage-first heap   total 222208K, used 133413K [0x0000000080000000, 0x0000000100000000)
  region size 1024K, 4 young (4096K), 4 survivors (4096K)
 Metaspace       used 126192K, committed 127808K, reserved 1179648K
  class space    used 16541K, committed 17600K, reserved 1048576K
}
Event: 3777.911 GC heap before
{Heap before GC invocations=55 (full 0):
 garbage-first heap   total 222208K, used 185637K [0x0000000080000000, 0x0000000100000000)
  region size 1024K, 56 young (57344K), 4 survivors (4096K)
 Metaspace       used 126911K, committed 128384K, reserved 1179648K
  class space    used 16696K, committed 17600K, reserved 1048576K
}
Event: 3777.918 GC heap after
{Heap after GC invocations=56 (full 0):
 garbage-first heap   total 222208K, used 135675K [0x0000000080000000, 0x0000000100000000)
  region size 1024K, 7 young (7168K), 7 survivors (7168K)
 Metaspace       used 126911K, committed 128384K, reserved 1179648K
  class space    used 16696K, committed 17600K, reserved 1048576K
}
Event: 3780.098 GC heap before
{Heap before GC invocations=57 (full 0):
 garbage-first heap   total 240640K, used 200187K [0x0000000080000000, 0x0000000100000000)
  region size 1024K, 70 young (71680K), 7 survivors (7168K)
 Metaspace       used 128786K, committed 130048K, reserved 1179648K
  class space    used 16880K, committed 17600K, reserved 1048576K
}
Event: 3780.107 GC heap after
{Heap after GC invocations=58 (full 0):
 garbage-first heap   total 240640K, used 140972K [0x0000000080000000, 0x0000000100000000)
  region size 1024K, 9 young (9216K), 9 survivors (9216K)
 Metaspace       used 128786K, committed 130048K, reserved 1179648K
  class space    used 16880K, committed 17600K, reserved 1048576K
}
Event: 3781.324 GC heap before
{Heap before GC invocations=58 (full 0):
 garbage-first heap   total 240640K, used 224940K [0x0000000080000000, 0x0000000100000000)
  region size 1024K, 83 young (84992K), 9 survivors (9216K)
 Metaspace       used 128927K, committed 130176K, reserved 1179648K
  class space    used 16881K, committed 17600K, reserved 1048576K
}
Event: 3781.349 GC heap after
{Heap after GC invocations=59 (full 0):
 garbage-first heap   total 271360K, used 168342K [0x0000000080000000, 0x0000000100000000)
  region size 1024K, 11 young (11264K), 11 survivors (11264K)
 Metaspace       used 128927K, committed 130176K, reserved 1179648K
  class space    used 16881K, committed 17600K, reserved 1048576K
}
Event: 3782.513 GC heap before
{Heap before GC invocations=59 (full 0):
 garbage-first heap   total 271360K, used 207254K [0x0000000080000000, 0x0000000100000000)
  region size 1024K, 50 young (51200K), 11 survivors (11264K)
 Metaspace       used 129385K, committed 130688K, reserved 1179648K
  class space    used 16932K, committed 17664K, reserved 1048576K
}
Event: 3782.540 GC heap after
{Heap after GC invocations=60 (full 0):
 garbage-first heap   total 271360K, used 179982K [0x0000000080000000, 0x0000000100000000)
  region size 1024K, 9 young (9216K), 9 survivors (9216K)
 Metaspace       used 129385K, committed 130688K, reserved 1179648K
  class space    used 16932K, committed 17664K, reserved 1048576K
}
Event: 3785.911 GC heap before
{Heap before GC invocations=61 (full 0):
 garbage-first heap   total 312320K, used 240398K [0x0000000080000000, 0x0000000100000000)
  region size 1024K, 61 young (62464K), 9 survivors (9216K)
 Metaspace       used 131654K, committed 132864K, reserved 1179648K
  class space    used 17223K, committed 17856K, reserved 1048576K
}
Event: 3785.920 GC heap after
{Heap after GC invocations=62 (full 0):
 garbage-first heap   total 312320K, used 186724K [0x0000000080000000, 0x0000000100000000)
  region size 1024K, 7 young (7168K), 7 survivors (7168K)
 Metaspace       used 131654K, committed 132864K, reserved 1179648K
  class space    used 17223K, committed 17856K, reserved 1048576K
}

